{"pid": 2416, "name": "msedge.exe", "reason": "Suspicious Parent: msedge.exe", "score": 4, "level": "WARNING", "time": "2026-05-16 15:46:48.535277"}
{"pid": 4964, "name": "code.exe", "reason": "Suspicious Path", "score": 3, "level": "INFO", "time": "2026-05-16 15:46:48.537593"}
{"pid": 6308, "name": "msedge.exe", "reason": "Suspicious Parent: msedge.exe", "score": 4, "level": "WARNING", "time": "2026-05-16 15:46:48.538608"}
{"pid": 7304, "name": "code.exe", "reason": "Suspicious Path", "score": 3, "level": "INFO", "time": "2026-05-16 15:46:48.539614"}
{"pid": 7404, "name": "openconsole.exe", "reason": "Suspicious Path", "score": 3, "level": "INFO", "time": "2026-05-16 15:46:48.541203"}
{"pid": 9340, "name": "code.exe", "reason": "Suspicious Path", "score": 3, "level": "INFO", "time": "2026-05-16 15:46:48.543036"}
{"pid": 10336, "name": "py.exe", "reason": "Suspicious Path", "score": 3, "level": "INFO", "time": "2026-05-16 15:46:48.547408"}
{"pid": 11260, "name": "code.exe", "reason": "Suspicious Path", "score": 3, "level": "INFO", "time": "2026-05-16 15:46:48.549299"}
{"pid": 11788, "name": "msedge.exe", "reason": "Suspicious Parent: msedge.exe", "score": 4, "level": "WARNING", "time": "2026-05-16 15:46:48.550424"}
{"pid": 12220, "name": "code.exe", "reason": "Suspicious Path", "score": 3, "level": "INFO", "time": "2026-05-16 15:46:48.551649"}
{"pid": 12524, "name": "powershell.exe", "reason": "Suspicious Process Name", "score": 4, "level": "WARNING", "time": "2026-05-16 15:46:48.552577"}
{"pid": 12676, "name": "powershell.exe", "reason": "Suspicious Process Name", "score": 4, "level": "WARNING", "time": "2026-05-16 15:46:48.553507"}
{"pid": 13380, "name": "msedge.exe", "reason": "Suspicious Parent: msedge.exe", "score": 4, "level": "WARNING", "time": "2026-05-16 15:46:48.554535"}
{"pid": 13460, "name": "code.exe", "reason": "Suspicious Path", "score": 3, "level": "INFO", "time": "2026-05-16 15:46:48.555496"}
{"pid": 14760, "name": "powershell.exe", "reason": "Suspicious Process Name", "score": 4, "level": "WARNING", "time": "2026-05-16 15:46:48.556414"}
{"pid": 15632, "name": "code.exe", "reason": "Suspicious Path", "score": 3, "level": "INFO", "time": "2026-05-16 15:46:48.557362"}
{"pid": 16312, "name": "msedge.exe", "reason": "Suspicious Parent: msedge.exe", "score": 4, "level": "WARNING", "time": "2026-05-16 15:46:48.558506"}
{"pid": 16972, "name": "code.exe", "reason": "Suspicious Path", "score": 3, "level": "INFO", "time": "2026-05-16 15:46:48.560673"}
{"pid": 18028, "name": "msedge.exe", "reason": "Suspicious Parent: msedge.exe", "score": 4, "level": "WARNING", "time": "2026-05-16 15:46:48.561855"}
{"pid": 18164, "name": "code.exe", "reason": "Suspicious Path", "score": 3, "level": "INFO", "time": "2026-05-16 15:46:48.563136"}
{"pid": 18184, "name": "code.exe", "reason": "Suspicious Path", "score": 3, "level": "INFO", "time": "2026-05-16 15:46:48.564163"}
{"pid": 18292, "name": "openconsole.exe", "reason": "Suspicious Path", "score": 3, "level": "INFO", "time": "2026-05-16 15:46:48.566215"}
{"pid": 18544, "name": "python.exe", "reason": "Suspicious Path", "score": 3, "level": "INFO", "time": "2026-05-16 15:46:48.567635"}
{"pid": 2416, "name": "msedge.exe", "reason": "Suspicious Parent: msedge.exe", "score": 4, "level": "WARNING", "time": "2026-05-16 15:47:00.615698"}
{"pid": 4964, "name": "code.exe", "reason": "Suspicious Path", "score": 3, "level": "INFO", "time": "2026-05-16 15:47:00.618025"}
{"pid": 6308, "name": "msedge.exe", "reason": "Suspicious Parent: msedge.exe", "score": 4, "level": "WARNING", "time": "2026-05-16 15:47:00.620759"}
{"pid": 7304, "name": "code.exe", "reason": "Suspicious Path", "score": 3, "level": "INFO", "time": "2026-05-16 15:47:00.622000"}
{"pid": 7404, "name": "openconsole.exe", "reason": "Suspicious Path", "score": 3, "level": "INFO", "time": "2026-05-16 15:47:00.623079"}
{"pid": 9340, "name": "code.exe", "reason": "Suspicious Path", "score": 3, "level": "INFO", "time": "2026-05-16 15:47:00.624238"}
{"pid": 10336, "name": "py.exe", "reason": "Suspicious Path", "score": 3, "level": "INFO", "time": "2026-05-16 15:47:00.625704"}
{"pid": 11260, "name": "code.exe", "reason": "Suspicious Path", "score": 3, "level": "INFO", "time": "2026-05-16 15:47:00.628014"}
{"pid": 11788, "name": "msedge.exe", "reason": "Suspicious Parent: msedge.exe", "score": 4, "level": "WARNING", "time": "2026-05-16 15:47:00.630839"}
{"pid": 12220, "name": "code.exe", "reason": "Suspicious Path", "score": 3, "level": "INFO", "time": "2026-05-16 15:47:00.631884"}
{"pid": 12524, "name": "powershell.exe", "reason": "Suspicious Process Name", "score": 4, "level": "WARNING", "time": "2026-05-16 15:47:00.634230"}
{"pid": 12676, "name": "powershell.exe", "reason": "Suspicious Process Name", "score": 4, "level": "WARNING", "time": "2026-05-16 15:47:00.635642"}
{"pid": 13380, "name": "msedge.exe", "reason": "Suspicious Parent: msedge.exe", "score": 4, "level": "WARNING", "time": "2026-05-16 15:47:00.636640"}
{"pid": 13460, "name": "code.exe", "reason": "Suspicious Path", "score": 3, "level": "INFO", "time": "2026-05-16 15:47:00.637736"}
{"pid": 14760, "name": "powershell.exe", "reason": "Suspicious Process Name", "score": 4, "level": "WARNING", "time": "2026-05-16 15:47:00.638985"}
{"pid": 15632, "name": "code.exe", "reason": "Suspicious Path", "score": 3, "level": "INFO", "time": "2026-05-16 15:47:00.640132"}
{"pid": 16312, "name": "msedge.exe", "reason": "Suspicious Parent: msedge.exe", "score": 4, "level": "WARNING", "time": "2026-05-16 15:47:00.641468"}
{"pid": 16972, "name": "code.exe", "reason": "Suspicious Path", "score": 3, "level": "INFO", "time": "2026-05-16 15:47:00.642494"}
{"pid": 18028, "name": "msedge.exe", "reason": "Suspicious Parent: msedge.exe", "score": 4, "level": "WARNING", "time": "2026-05-16 15:47:00.643376"}
{"pid": 18164, "name": "code.exe", "reason": "Suspicious Path", "score": 3, "level": "INFO", "time": "2026-05-16 15:47:00.644494"}
{"pid": 18184, "name": "code.exe", "reason": "Suspicious Path", "score": 3, "level": "INFO", "time": "2026-05-16 15:47:00.645934"}
{"pid": 18292, "name": "openconsole.exe", "reason": "Suspicious Path", "score": 3, "level": "INFO", "time": "2026-05-16 15:47:00.647026"}
{"pid": 18544, "name": "python.exe", "reason": "Suspicious Path", "score": 3, "level": "INFO", "time": "2026-05-16 15:47:00.648066"}
{"pid": 2416, "name": "msedge.exe", "reason": "Suspicious Parent: msedge.exe", "score": 4, "level": "WARNING", "time": "2026-05-16 15:47:13.053746"}
{"pid": 4964, "name": "code.exe", "reason": "Suspicious Path", "score": 3, "level": "INFO", "time": "2026-05-16 15:47:13.055554"}
{"pid": 6308, "name": "msedge.exe", "reason": "Suspicious Parent: msedge.exe", "score": 4, "level": "WARNING", "time": "2026-05-16 15:47:13.061230"}
{"pid": 7304, "name": "code.exe", "reason": "Suspicious Path", "score": 3, "level": "INFO", "time": "2026-05-16 15:47:13.064152"}
{"pid": 7404, "name": "openconsole.exe", "reason": "Suspicious Path", "score": 3, "level": "INFO", "time": "2026-05-16 15:47:13.065770"}
{"pid": 9340, "name": "code.exe", "reason": "Suspicious Path", "score": 3, "level": "INFO", "time": "2026-05-16 15:47:13.067419"}
{"pid": 10336, "name": "py.exe", "reason": "Suspicious Path", "score": 3, "level": "INFO", "time": "2026-05-16 15:47:13.068661"}
{"pid": 11260, "name": "code.exe", "reason": "Suspicious Path", "score": 3, "level": "INFO", "time": "2026-05-16 15:47:13.070028"}
{"pid": 11788, "name": "msedge.exe", "reason": "Suspicious Parent: msedge.exe", "score": 4, "level": "WARNING", "time": "2026-05-16 15:47:13.071953"}
{"pid": 12220, "name": "code.exe", "reason": "Suspicious Path", "score": 3, "level": "INFO", "time": "2026-05-16 15:47:13.074338"}
{"pid": 12524, "name": "powershell.exe", "reason": "Suspicious Process Name", "score": 4, "level": "WARNING", "time": "2026-05-16 15:47:13.076436"}
{"pid": 12676, "name": "powershell.exe", "reason": "Suspicious Process Name", "score": 4, "level": "WARNING", "time": "2026-05-16 15:47:13.077812"}
{"pid": 13380, "name": "msedge.exe", "reason": "Suspicious Parent: msedge.exe", "score": 4, "level": "WARNING", "time": "2026-05-16 15:47:13.079727"}
{"pid": 13460, "name": "code.exe", "reason": "Suspicious Path", "score": 3, "level": "INFO", "time": "2026-05-16 15:47:13.081780"}
{"pid": 14760, "name": "powershell.exe", "reason": "Suspicious Process Name", "score": 4, "level": "WARNING", "time": "2026-05-16 15:47:13.082889"}
{"pid": 15632, "name": "code.exe", "reason": "Suspicious Path", "score": 3, "level": "INFO", "time": "2026-05-16 15:47:13.084460"}
{"pid": 16312, "name": "msedge.exe", "reason": "Suspicious Parent: msedge.exe", "score": 4, "level": "WARNING", "time": "2026-05-16 15:47:13.085469"}
{"pid": 16972, "name": "code.exe", "reason": "Suspicious Path", "score": 3, "level": "INFO", "time": "2026-05-16 15:47:13.086642"}
{"pid": 18028, "name": "msedge.exe", "reason": "Suspicious Parent: msedge.exe", "score": 4, "level": "WARNING", "time": "2026-05-16 15:47:13.087529"}
{"pid": 18164, "name": "code.exe", "reason": "Suspicious Path", "score": 3, "level": "INFO", "time": "2026-05-16 15:47:13.088662"}
{"pid": 18184, "name": "code.exe", "reason": "Suspicious Path", "score": 3, "level": "INFO", "time": "2026-05-16 15:47:13.090133"}
{"pid": 18292, "name": "openconsole.exe", "reason": "Suspicious Path", "score": 3, "level": "INFO", "time": "2026-05-16 15:47:13.091897"}
{"pid": 18544, "name": "python.exe", "reason": "Suspicious Path", "score": 3, "level": "INFO", "time": "2026-05-16 15:47:13.092968"}
{"pid": 1796, "name": "powershell.exe", "reason": "Suspicious Process Name", "score": 4, "level": "WARNING", "time": "2026-05-19 07:36:07.862927"}
{"pid": 4104, "name": "code.exe", "reason": "High CPU Usage | Suspicious Path", "score": 5, "level": "WARNING", "time": "2026-05-19 07:36:07.870424"}
{"pid": 5044, "name": "openconsole.exe", "reason": "Suspicious Path", "score": 3, "level": "INFO", "time": "2026-05-19 07:36:07.871916"}
{"pid": 5152, "name": "powershell.exe", "reason": "Suspicious Process Name", "score": 4, "level": "WARNING", "time": "2026-05-19 07:36:07.875080"}
{"pid": 5832, "name": "code.exe", "reason": "Suspicious Path", "score": 3, "level": "INFO", "time": "2026-05-19 07:36:07.877998"}
{"pid": 5836, "name": "code.exe", "reason": "Suspicious Path", "score": 3, "level": "INFO", "time": "2026-05-19 07:36:07.879111"}
{"pid": 6520, "name": "code.exe", "reason": "Suspicious Path", "score": 3, "level": "INFO", "time": "2026-05-19 07:36:07.880226"}
{"pid": 8456, "name": "powershell.exe", "reason": "Suspicious Process Name", "score": 4, "level": "WARNING", "time": "2026-05-19 07:36:07.881992"}
{"pid": 10700, "name": "code.exe", "reason": "Suspicious Path", "score": 3, "level": "INFO", "time": "2026-05-19 07:36:07.883129"}
{"pid": 10768, "name": "code.exe", "reason": "Suspicious Path", "score": 3, "level": "INFO", "time": "2026-05-19 07:36:07.885326"}
{"pid": 12720, "name": "python.exe", "reason": "Suspicious Path", "score": 3, "level": "INFO", "time": "2026-05-19 07:36:07.887859"}
{"pid": 12812, "name": "code.exe", "reason": "Suspicious Path", "score": 3, "level": "INFO", "time": "2026-05-19 07:36:07.890618"}
{"pid": 17348, "name": "openconsole.exe", "reason": "Suspicious Path", "score": 3, "level": "INFO", "time": "2026-05-19 07:36:07.892512"}
{"pid": 18532, "name": "code.exe", "reason": "Suspicious Path", "score": 3, "level": "INFO", "time": "2026-05-19 07:36:07.895912"}
{"pid": 18548, "name": "code.exe", "reason": "Suspicious Path", "score": 3, "level": "INFO", "time": "2026-05-19 07:36:07.897832"}
{"pid": 19320, "name": "py.exe", "reason": "Suspicious Path", "score": 3, "level": "INFO", "time": "2026-05-19 07:36:07.899321"}
{"pid": 19676, "name": "code.exe", "reason": "Suspicious Path", "score": 3, "level": "INFO", "time": "2026-05-19 07:36:07.900453"}
{"pid": 1796, "name": "powershell.exe", "reason": "Suspicious Process Name", "score": 4, "level": "WARNING", "time": "2026-05-19 07:36:26.828185"}
{"pid": 4104, "name": "code.exe", "reason": "Suspicious Path", "score": 3, "level": "INFO", "time": "2026-05-19 07:36:26.831321"}
{"pid": 5044, "name": "openconsole.exe", "reason": "Suspicious Path", "score": 3, "level": "INFO", "time": "2026-05-19 07:36:26.833387"}
{"pid": 5152, "name": "powershell.exe", "reason": "Suspicious Process Name", "score": 4, "level": "WARNING", "time": "2026-05-19 07:36:26.835256"}
{"pid": 5832, "name": "code.exe", "reason": "Suspicious Path", "score": 3, "level": "INFO", "time": "2026-05-19 07:36:26.836156"}
{"pid": 5836, "name": "code.exe", "reason": "Suspicious Path", "score": 3, "level": "INFO", "time": "2026-05-19 07:36:26.838790"}
{"pid": 6520, "name": "code.exe", "reason": "Suspicious Path", "score": 3, "level": "INFO", "time": "2026-05-19 07:36:26.839874"}
{"pid": 8456, "name": "powershell.exe", "reason": "Suspicious Process Name", "score": 4, "level": "WARNING", "time": "2026-05-19 07:36:26.842819"}
{"pid": 10700, "name": "code.exe", "reason": "Suspicious Path", "score": 3, "level": "INFO", "time": "2026-05-19 07:36:26.844023"}
{"pid": 10768, "name": "code.exe", "reason": "Suspicious Path", "score": 3, "level": "INFO", "time": "2026-05-19 07:36:26.845184"}
{"pid": 12720, "name": "python.exe", "reason": "Suspicious Path", "score": 3, "level": "INFO", "time": "2026-05-19 07:36:26.847846"}
{"pid": 12812, "name": "code.exe", "reason": "Suspicious Path", "score": 3, "level": "INFO", "time": "2026-05-19 07:36:26.850157"}
{"pid": 17348, "name": "openconsole.exe", "reason": "Suspicious Path", "score": 3, "level": "INFO", "time": "2026-05-19 07:36:26.851395"}
{"pid": 18532, "name": "code.exe", "reason": "Suspicious Path", "score": 3, "level": "INFO", "time": "2026-05-19 07:36:26.856989"}
{"pid": 18548, "name": "code.exe", "reason": "Suspicious Path", "score": 3, "level": "INFO", "time": "2026-05-19 07:36:26.859427"}
{"pid": 19320, "name": "py.exe", "reason": "Suspicious Path", "score": 3, "level": "INFO", "time": "2026-05-19 07:36:26.860959"}
{"pid": 19676, "name": "code.exe", "reason": "Suspicious Path", "score": 3, "level": "INFO", "time": "2026-05-19 07:36:26.861970"}
{"pid": 1796, "name": "powershell.exe", "reason": "Suspicious Process Name", "score": 4, "level": "WARNING", "time": "2026-05-19 07:36:45.531890"}
{"pid": 4104, "name": "code.exe", "reason": "Suspicious Path", "score": 3, "level": "INFO", "time": "2026-05-19 07:36:45.533746"}
{"pid": 5044, "name": "openconsole.exe", "reason": "Suspicious Path", "score": 3, "level": "INFO", "time": "2026-05-19 07:36:45.535521"}
{"pid": 5152, "name": "powershell.exe", "reason": "Suspicious Process Name", "score": 4, "level": "WARNING", "time": "2026-05-19 07:36:45.537333"}
{"pid": 5832, "name": "code.exe", "reason": "Suspicious Path", "score": 3, "level": "INFO", "time": "2026-05-19 07:36:45.538537"}
{"pid": 5836, "name": "code.exe", "reason": "Suspicious Path", "score": 3, "level": "INFO", "time": "2026-05-19 07:36:45.546620"}
{"pid": 6520, "name": "code.exe", "reason": "Suspicious Path", "score": 3, "level": "INFO", "time": "2026-05-19 07:36:45.548023"}
{"pid": 8456, "name": "powershell.exe", "reason": "Suspicious Process Name", "score": 4, "level": "WARNING", "time": "2026-05-19 07:36:45.549050"}
{"pid": 10700, "name": "code.exe", "reason": "Suspicious Path", "score": 3, "level": "INFO", "time": "2026-05-19 07:36:45.550455"}
{"pid": 10768, "name": "code.exe", "reason": "Suspicious Path", "score": 3, "level": "INFO", "time": "2026-05-19 07:36:45.552179"}
{"pid": 12720, "name": "python.exe", "reason": "Suspicious Path", "score": 3, "level": "INFO", "time": "2026-05-19 07:36:45.553325"}
{"pid": 12812, "name": "code.exe", "reason": "Suspicious Path", "score": 3, "level": "INFO", "time": "2026-05-19 07:36:45.554340"}
{"pid": 17348, "name": "openconsole.exe", "reason": "Suspicious Path", "score": 3, "level": "INFO", "time": "2026-05-19 07:36:45.557145"}
{"pid": 18532, "name": "code.exe", "reason": "Suspicious Path", "score": 3, "level": "INFO", "time": "2026-05-19 07:36:45.564644"}
{"pid": 18548, "name": "code.exe", "reason": "Suspicious Path", "score": 3, "level": "INFO", "time": "2026-05-19 07:36:45.568009"}
{"pid": 19320, "name": "py.exe", "reason": "Suspicious Path", "score": 3, "level": "INFO", "time": "2026-05-19 07:36:45.570979"}
{"pid": 19676, "name": "code.exe", "reason": "Suspicious Path", "score": 3, "level": "INFO", "time": "2026-05-19 07:36:45.576036"}
{'alert': 'Suspicious Process Detected', 'process': 'c:\\windows\\system32\\cmd.exe', 'parent': 'c:\\windows\\system32\\windowspowershell\\v1.0\\powershell.exe'}
{'alert': 'Suspicious Process Detected', 'severity': 'medium', 'technique': 'T1059', 'process': 'c:\\users\\rigob\\appdata\\local\\programs\\python\\launcher\\py.exe', 'parent': 'c:\\windows\\system32\\windowspowershell\\v1.0\\powershell.exe'}
{'alert': 'Suspicious Process Detected', 'severity': 'medium', 'technique': 'T1059', 'process': 'c:\\windows\\system32\\windowspowershell\\v1.0\\powershell.exe', 'parent': ''}
{'alert': 'Suspicious Process Detected', 'severity': 'medium', 'technique': 'T1059', 'process': 'c:\\windows\\system32\\windowspowershell\\v1.0\\powershell.exe', 'parent': 'c:\\windows\\system32\\windowspowershell\\v1.0\\powershell.exe'}
{'alert': 'Suspicious Process Detected', 'severity': 'medium', 'technique': 'T1059', 'process': 'c:\\program files\\windowsapps\\microsoft.windowsnotepad_11.2604.5.0_x64__8wekyb3d8bbwe\\notepad\\notepad.exe', 'parent': 'c:\\windows\\system32\\windowspowershell\\v1.0\\powershell.exe'}
{'alert': 'Suspicious Process Detected', 'severity': 'medium', 'technique': 'T1059', 'process': 'c:\\windows\\system32\\windowspowershell\\v1.0\\powershell.exe', 'parent': ''}
{'alert': 'Suspicious Process Detected', 'severity': 'medium', 'technique': 'T1059', 'process': 'c:\\windows\\system32\\windowspowershell\\v1.0\\powershell.exe', 'parent': 'c:\\windows\\system32\\windowspowershell\\v1.0\\powershell.exe'}
{'alert': 'Suspicious Process Detected', 'severity': 'medium', 'technique': 'T1059', 'process': 'c:\\program files\\windowsapps\\advancedmicrodevicesinc-2.amdradeonsoftware_10.25.10201.0_x64__0a9344xs7nr4m\\radeonsoftware\\rsservcmd.exe', 'parent': 'c:\\program files\\windowsapps\\advancedmicrodevicesinc-2.amdradeonsoftware_10.25.10201.0_x64__0a9344xs7nr4m\\radeonsoftware\\radeonsoftware.exe'}
{'alert': 'Suspicious Process Detected', 'severity': 'medium', 'technique': 'T1059', 'process': 'c:\\program files\\windowsapps\\advancedmicrodevicesinc-2.amdradeonsoftware_10.25.10201.0_x64__0a9344xs7nr4m\\radeonsoftware\\rsservcmd.exe', 'parent': 'c:\\program files\\windowsapps\\advancedmicrodevicesinc-2.amdradeonsoftware_10.25.10201.0_x64__0a9344xs7nr4m\\radeonsoftware\\radeonsoftware.exe'}
{'alert': 'Suspicious Process Detected', 'severity': 'medium', 'technique': 'T1059', 'process': 'c:\\windows\\system32\\cmd.exe', 'parent': 'c:\\windows\\system32\\windowspowershell\\v1.0\\powershell.exe'}
{'alert': 'Suspicious Process Detected', 'severity': 'medium', 'technique': 'T1059', 'process': 'c:\\program files\\windowsapps\\advancedmicrodevicesinc-2.amdradeonsoftware_10.25.10201.0_x64__0a9344xs7nr4m\\radeonsoftware\\rsservcmd.exe', 'parent': 'c:\\program files\\windowsapps\\advancedmicrodevicesinc-2.amdradeonsoftware_10.25.10201.0_x64__0a9344xs7nr4m\\radeonsoftware\\radeonsoftware.exe'}
{'alert': 'Suspicious Process Detected', 'severity': 'medium', 'technique': 'T1059', 'process': 'c:\\program files\\windowsapps\\microsoft.windowsnotepad_11.2604.5.0_x64__8wekyb3d8bbwe\\notepad\\notepad.exe', 'parent': 'c:\\windows\\system32\\windowspowershell\\v1.0\\powershell.exe'}
{'alert': 'Suspicious Process Detected', 'severity': 'medium', 'technique': 'T1059', 'process': 'c:\\windows\\system32\\windowspowershell\\v1.0\\powershell.exe', 'parent': ''}
{'alert': 'Suspicious Process Detected', 'severity': 'medium', 'technique': 'T1059', 'process': 'c:\\windows\\system32\\windowspowershell\\v1.0\\powershell.exe', 'parent': 'c:\\windows\\system32\\windowspowershell\\v1.0\\powershell.exe'}
